<?xml version="1.0" encoding="utf-8"?><testsuites name="pytest tests"><testsuite name="pytest" errors="0" failures="0" skipped="1" tests="783" time="224.583" timestamp="2026-09-06T12:28:49.000661+00:00" hostname="localhost"><testcase classname="backend.tests.test_akshare_news" name="test_akshare_fetch_news_eastmoney" time="0.244" /><testcase classname="backend.tests.test_akshare_news" name="test_akshare_fetch_news_cls_fallback" time="0.003" /><testcase classname="backend.tests.test_analysis_api" name="test_review_api_schemas_are_strict_and_bounded" time="0.001" /><testcase classname="backend.tests.test_analysis_api" name="test_review_api_schemas_reject_extra_fields" time="0.000" /><testcase classname="backend.tests.test_analysis_api" name="test_task_request_normalizes_bounded_codes" time="0.000" /><testcase classname="backend.tests.test_analysis_api" name="test_task_request_rejects_oversized_or_unsafe_codes[codes0]" time="0.000" /><testcase classname="backend.tests.test_analysis_api" name="test_task_request_rejects_oversized_or_unsafe_codes[codes1]" time="0.000" /><testcase classname="backend.tests.test_analysis_api" name="test_task_request_rejects_oversized_or_unsafe_codes[codes2]" time="0.000" /><testcase classname="backend.tests.test_analysis_api" name="test_task_request_rejects_oversized_or_unsafe_codes[codes3]" time="0.000" /><testcase classname="backend.tests.test_analysis_api" name="test_task_failure_recovers_after_real_sqlite_integrity_error" time="0.035" /><testcase classname="backend.tests.test_analysis_api" name="test_task_failure_audit_sanitizes_non_db_exception" time="0.006" /><testcase classname="backend.tests.test_analysis_api" name="test_task_api_maps_execution_error_to_safe_run_and_failure_class" time="0.018" /><testcase classname="backend.tests.test_analysis_api" name="test_review_api_real_state_machine_is_hash_bound_and_does_not_touch_domain" time="6.749" /><testcase classname="backend.tests.test_analysis_api" name="test_review_api_auth_boundary_and_storage_readiness" time="0.093" /><testcase classname="backend.tests.test_analysis_config" name="test_analysis_output_allows_only_text_and_provenance_fields" time="0.000" /><testcase classname="backend.tests.test_analysis_config" name="test_analysis_output_accepts_explicit_provenance_fields" time="0.000" /><testcase classname="backend.tests.test_analysis_config" name="test_analysis_output_requires_substantive_text_and_confidence" time="0.000" /><testcase classname="backend.tests.test_analysis_config" name="test_analysis_output_rejects_numeric_decision_and_arbitrary_fields[impact_score]" time="0.000" /><testcase classname="backend.tests.test_analysis_config" name="test_analysis_output_rejects_numeric_decision_and_arbitrary_fields[price]" time="0.000" /><testcase classname="backend.tests.test_analysis_config" name="test_analysis_output_rejects_numeric_decision_and_arbitrary_fields[expected_return]" time="0.000" /><testcase classname="backend.tests.test_analysis_config" name="test_analysis_output_rejects_numeric_decision_and_arbitrary_fields[p_up]" time="0.000" /><testcase classname="backend.tests.test_analysis_config" name="test_analysis_output_rejects_numeric_decision_and_arbitrary_fields[position]" time="0.000" /><testcase classname="backend.tests.test_analysis_config" name="test_analysis_output_rejects_numeric_decision_and_arbitrary_fields[trade_action]" time="0.000" /><testcase classname="backend.tests.test_analysis_config" name="test_verified_input_forbids_extra_fields_and_hashes_equivalent_ordering" time="0.001" /><testcase classname="backend.tests.test_analysis_config" name="test_analysis_envelope_carries_provenance_without_raw_exception" time="0.001" /><testcase classname="backend.tests.test_analysis_config" name="test_enabled_analysis_requires_exactly_one_matching_provider_flag[flags0]" time="0.002" /><testcase classname="backend.tests.test_analysis_config" name="test_enabled_analysis_requires_exactly_one_matching_provider_flag[flags1]" time="0.002" /><testcase classname="backend.tests.test_analysis_config" name="test_enabled_analysis_requires_exactly_one_matching_provider_flag[flags2]" time="0.002" /><testcase classname="backend.tests.test_analysis_config" name="test_deepseek_primary_rejects_anthropic_messages_mode" time="0.002" /><testcase classname="backend.tests.test_analysis_config" name="test_analysis_envelope_accepts_sanitized_failure_class_identifier[TimeoutError]" time="0.000" /><testcase classname="backend.tests.test_analysis_config" name="test_analysis_envelope_accepts_sanitized_failure_class_identifier[httpx.TimeoutException]" time="0.000" /><testcase classname="backend.tests.test_analysis_config" name="test_analysis_envelope_rejects_raw_or_secret_bearing_failure_text[TimeoutError: secret]" time="0.000" /><testcase classname="backend.tests.test_analysis_config" name="test_analysis_envelope_rejects_raw_or_secret_bearing_failure_text[has spaces]" time="0.000" /><testcase classname="backend.tests.test_analysis_config" name="test_analysis_envelope_rejects_raw_or_secret_bearing_failure_text[a=b]" time="0.000" /><testcase classname="backend.tests.test_analysis_config" name="test_analysis_envelope_rejects_raw_or_secret_bearing_failure_text[https://example.invalid]" time="0.000" /><testcase classname="backend.tests.test_analysis_config" name="test_analysis_envelope_rejects_raw_or_secret_bearing_failure_text[token-secret]" time="0.000" /><testcase classname="backend.tests.test_analysis_config" name="test_analysis_envelope_rejects_raw_or_secret_bearing_failure_text[TimeoutError\nraw]" time="0.000" /><testcase classname="backend.tests.test_analysis_config" name="test_enabled_analysis_requires_one_configured_primary" time="0.003" /><testcase classname="backend.tests.test_analysis_config" name="test_enabled_analysis_rejects_unknown_or_incomplete_primary[values0]" time="0.002" /><testcase classname="backend.tests.test_analysis_config" name="test_enabled_analysis_rejects_unknown_or_incomplete_primary[values1]" time="0.002" /><testcase classname="backend.tests.test_analysis_config" name="test_enabled_analysis_rejects_unknown_or_incomplete_primary[values2]" time="0.002" /><testcase classname="backend.tests.test_analysis_config" name="test_enabled_analysis_rejects_unknown_or_incomplete_primary[values3]" time="0.002" /><testcase classname="backend.tests.test_analysis_config" name="test_verified_input_uses_frozen_typed_nested_models_and_rejects_arbitrary_keys" time="0.001" /><testcase classname="backend.tests.test_analysis_config" name="test_forecast_numeric_facts_are_input_only" time="0.000" /><testcase classname="backend.tests.test_analysis_config" name="test_nested_input_is_frozen_and_hash_is_cross_process_stable" time="0.206" /><testcase classname="backend.tests.test_analysis_config" name="test_typed_contract_rejects_sets_and_arbitrary_objects" time="0.000" /><testcase classname="backend.tests.test_analysis_config" name="test_envelope_hash_format_matching_and_status_coherence" time="0.001" /><testcase classname="backend.tests.test_analysis_config" name="test_disabled_analysis_does_not_require_a_key" time="0.002" /><testcase classname="backend.tests.test_analysis_config" name="test_analysis_provider_timeout_is_finite_and_bounded[0-analysis_codex_timeout_seconds]" time="0.002" /><testcase classname="backend.tests.test_analysis_config" name="test_analysis_provider_timeout_is_finite_and_bounded[0-analysis_anthropic_timeout_seconds]" time="0.002" /><testcase classname="backend.tests.test_analysis_config" name="test_analysis_provider_timeout_is_finite_and_bounded[0-analysis_deepseek_timeout_seconds]" time="0.002" /><testcase classname="backend.tests.test_analysis_config" name="test_analysis_provider_timeout_is_finite_and_bounded[-1-analysis_codex_timeout_seconds]" time="0.002" /><testcase classname="backend.tests.test_analysis_config" name="test_analysis_provider_timeout_is_finite_and_bounded[-1-analysis_anthropic_timeout_seconds]" time="0.002" /><testcase classname="backend.tests.test_analysis_config" name="test_analysis_provider_timeout_is_finite_and_bounded[-1-analysis_deepseek_timeout_seconds]" time="0.002" /><testcase classname="backend.tests.test_analysis_config" name="test_analysis_provider_timeout_is_finite_and_bounded[301-analysis_codex_timeout_seconds]" time="0.002" /><testcase classname="backend.tests.test_analysis_config" name="test_analysis_provider_timeout_is_finite_and_bounded[301-analysis_anthropic_timeout_seconds]" time="0.002" /><testcase classname="backend.tests.test_analysis_config" name="test_analysis_provider_timeout_is_finite_and_bounded[301-analysis_deepseek_timeout_seconds]" time="0.002" /><testcase classname="backend.tests.test_analysis_config" name="test_analysis_provider_timeout_is_finite_and_bounded[inf-analysis_codex_timeout_seconds]" time="0.002" /><testcase classname="backend.tests.test_analysis_config" name="test_analysis_provider_timeout_is_finite_and_bounded[inf-analysis_anthropic_timeout_seconds]" time="0.002" /><testcase classname="backend.tests.test_analysis_config" name="test_analysis_provider_timeout_is_finite_and_bounded[inf-analysis_deepseek_timeout_seconds]" time="0.002" /><testcase classname="backend.tests.test_analysis_config" name="test_analysis_provider_timeout_is_finite_and_bounded[nan-analysis_codex_timeout_seconds]" time="0.002" /><testcase classname="backend.tests.test_analysis_config" name="test_analysis_provider_timeout_is_finite_and_bounded[nan-analysis_anthropic_timeout_seconds]" time="0.002" /><testcase classname="backend.tests.test_analysis_config" name="test_analysis_provider_timeout_is_finite_and_bounded[nan-analysis_deepseek_timeout_seconds]" time="0.002" /><testcase classname="backend.tests.test_analysis_config" name="test_analysis_provider_timeout_is_finite_and_bounded[1e+99-analysis_codex_timeout_seconds]" time="0.002" /><testcase classname="backend.tests.test_analysis_config" name="test_analysis_provider_timeout_is_finite_and_bounded[1e+99-analysis_anthropic_timeout_seconds]" time="0.002" /><testcase classname="backend.tests.test_analysis_config" name="test_analysis_provider_timeout_is_finite_and_bounded[1e+99-analysis_deepseek_timeout_seconds]" time="0.002" /><testcase classname="backend.tests.test_analysis_config" name="test_analysis_max_input_chars_is_bounded" time="0.004" /><testcase classname="backend.tests.test_analysis_config" name="test_analysis_identifiers_are_limited_to_512_characters[analysis_primary_model]" time="0.003" /><testcase classname="backend.tests.test_analysis_config" name="test_analysis_identifiers_are_limited_to_512_characters[analysis_prompt_version]" time="0.003" /><testcase classname="backend.tests.test_analysis_config" name="test_analysis_identifiers_are_limited_to_512_characters[analysis_schema_version]" time="0.003" /><testcase classname="backend.tests.test_analysis_config" name="test_legacy_llm_settings_map_to_compatible_primary_without_repr_secret" time="0.002" /><testcase classname="backend.tests.test_analysis_config" name="test_legacy_key_is_excluded_from_settings_dumps" time="0.002" /><testcase classname="backend.tests.test_analysis_config" name="test_explicit_new_analysis_config_is_not_overridden_by_legacy_bridge" time="0.002" /><testcase classname="backend.tests.test_analysis_config" name="test_analysis_model_id_rejects_whitespace_only" time="0.002" /><testcase classname="backend.tests.test_analysis_config" name="test_legacy_and_any_partial_new_analysis_config_is_rejected[partial_analysis0]" time="0.002" /><testcase classname="backend.tests.test_analysis_config" name="test_legacy_and_any_partial_new_analysis_config_is_rejected[partial_analysis1]" time="0.002" /><testcase classname="backend.tests.test_analysis_config" name="test_legacy_and_any_partial_new_analysis_config_is_rejected[partial_analysis2]" time="0.002" /><testcase classname="backend.tests.test_analysis_config" name="test_legacy_and_any_partial_new_analysis_config_is_rejected[partial_analysis3]" time="0.002" /><testcase classname="backend.tests.test_analysis_config" name="test_legacy_and_any_partial_new_analysis_config_is_rejected[partial_analysis4]" time="0.002" /><testcase classname="backend.tests.test_analysis_config" name="test_complete_mixed_legacy_and_new_analysis_config_is_rejected" time="0.002" /><testcase classname="backend.tests.test_analysis_config" name="test_unrelated_existing_string_field_preserves_whitespace" time="0.002" /><testcase classname="backend.tests.test_analysis_config" name="test_analysis_identifiers_are_trimmed_before_validation" time="0.002" /><testcase classname="backend.tests.test_analysis_config" name="test_numeric_fact_fields_reject_numeric_strings[&lt;lambda&gt;-indicator.value]" time="0.000" /><testcase classname="backend.tests.test_analysis_config" name="test_numeric_fact_fields_reject_numeric_strings[&lt;lambda&gt;-portfolio.shares]" time="0.000" /><testcase classname="backend.tests.test_analysis_config" name="test_numeric_fact_fields_reject_numeric_strings[&lt;lambda&gt;-forecast.p_up]" time="0.000" /><testcase classname="backend.tests.test_analysis_config" name="test_numeric_fact_fields_reject_numeric_strings[&lt;lambda&gt;-forecast.sample_count]" time="0.000" /><testcase classname="backend.tests.test_analysis_config" name="test_design_environment_aliases_configure_analysis_without_key_repr" time="0.002" /><testcase classname="backend.tests.test_analysis_gateway" name="test_service_rebinds_lying_adapter_envelope_to_actual_input_and_config" time="0.002" /><testcase classname="backend.tests.test_analysis_gateway" name="test_codex_responses_payload_has_bounded_schema_and_no_tools" time="0.003" /><testcase classname="backend.tests.test_analysis_gateway" name="test_anthropic_messages_and_deepseek_chat_parse_text" time="0.001" /><testcase classname="backend.tests.test_analysis_gateway" name="test_service_disabled_is_deterministically_unavailable_without_transport" time="0.002" /><testcase classname="backend.tests.test_analysis_gateway" name="test_service_network_failure_does_not_construct_or_call_secondary_provider" time="0.003" /><testcase classname="backend.tests.test_analysis_gateway" name="test_invalid_model_response_is_sanitized[not-json]" time="0.003" /><testcase classname="backend.tests.test_analysis_gateway" name="test_invalid_model_response_is_sanitized[{&quot;facts&quot;: [], &quot;impact_score&quot;: 1}]" time="0.003" /><testcase classname="backend.tests.test_analysis_gateway" name="test_response_requires_exactly_one_top_level_json_object[prefix {&quot;facts&quot;: [&quot;A fact&quot;], &quot;inferences&quot;: [&quot;An inference&quot;], &quot;risk_flags&quot;: [], &quot;affected_themes&quot;: [], &quot;impact_horizon&quot;: &quot;1w&quot;, &quot;evidence_ids&quot;: [], &quot;confidence_statement&quot;: &quot;Context only.&quot;, &quot;provider&quot;: &quot;codex_openai_responses&quot;, &quot;model&quot;: &quot;response-model&quot;, &quot;prompt_version&quot;: &quot;analysis-v1&quot;}]" time="0.003" /><testcase classname="backend.tests.test_analysis_gateway" name="test_response_requires_exactly_one_top_level_json_object[{&quot;facts&quot;: [&quot;A fact&quot;], &quot;inferences&quot;: [&quot;An inference&quot;], &quot;risk_flags&quot;: [], &quot;affected_themes&quot;: [], &quot;impact_horizon&quot;: &quot;1w&quot;, &quot;evidence_ids&quot;: [], &quot;confidence_statement&quot;: &quot;Context only.&quot;, &quot;provider&quot;: &quot;codex_openai_responses&quot;, &quot;model&quot;: &quot;response-model&quot;, &quot;prompt_version&quot;: &quot;analysis-v1&quot;} trailing]" time="0.003" /><testcase classname="backend.tests.test_analysis_gateway" name="test_response_requires_exactly_one_top_level_json_object[```json\n{&quot;facts&quot;: [&quot;A fact&quot;], &quot;inferences&quot;: [&quot;An inference&quot;], &quot;risk_flags&quot;: [], &quot;affected_themes&quot;: [], &quot;impact_horizon&quot;: &quot;1w&quot;, &quot;evidence_ids&quot;: [], &quot;confidence_statement&quot;: &quot;Context only.&quot;, &quot;provider&quot;: &quot;codex_openai_responses&quot;, &quot;model&quot;: &quot;response-model&quot;, &quot;prompt_version&quot;: &quot;analysis-v1&quot;}\n```]" time="0.003" /><testcase classname="backend.tests.test_analysis_gateway" name="test_response_requires_exactly_one_top_level_json_object[[]]" time="0.003" /><testcase classname="backend.tests.test_analysis_gateway" name="test_response_requires_exactly_one_top_level_json_object[&quot;scalar&quot;]" time="0.003" /><testcase classname="backend.tests.test_analysis_gateway" name="test_codex_provider_schema_is_strict_and_provider_accepts_it" time="0.002" /><testcase classname="backend.tests.test_analysis_gateway" name="test_provider_payloads_have_bounded_output_tokens" time="0.001" /><testcase classname="backend.tests.test_analysis_gateway" name="test_every_adapter_rejects_empty_or_partial_output[partial0-CodexOpenAIResponsesAdapter]" time="0.001" /><testcase classname="backend.tests.test_analysis_gateway" name="test_every_adapter_rejects_empty_or_partial_output[partial0-AnthropicMessagesAdapter]" time="0.001" /><testcase classname="backend.tests.test_analysis_gateway" name="test_every_adapter_rejects_empty_or_partial_output[partial0-DeepSeekOpenAICompatibleAdapter]" time="0.001" /><testcase classname="backend.tests.test_analysis_gateway" name="test_every_adapter_rejects_empty_or_partial_output[partial1-CodexOpenAIResponsesAdapter]" time="0.001" /><testcase classname="backend.tests.test_analysis_gateway" name="test_every_adapter_rejects_empty_or_partial_output[partial1-AnthropicMessagesAdapter]" time="0.001" /><testcase classname="backend.tests.test_analysis_gateway" name="test_every_adapter_rejects_empty_or_partial_output[partial1-DeepSeekOpenAICompatibleAdapter]" time="0.001" /><testcase classname="backend.tests.test_analysis_gateway" name="test_adapter_and_service_close_only_owned_clients" time="0.002" /><testcase classname="backend.tests.test_analysis_gateway" name="test_oversized_bundle_and_version_mismatch_make_zero_http_calls" time="0.000" /><testcase classname="backend.tests.test_analysis_gateway" name="test_adapter_rejects_overlong_identifiers_before_request[model]" time="0.000" /><testcase classname="backend.tests.test_analysis_gateway" name="test_adapter_rejects_overlong_identifiers_before_request[prompt_version]" time="0.000" /><testcase classname="backend.tests.test_analysis_gateway" name="test_adapter_rejects_overlong_identifiers_before_request[schema_version]" time="0.000" /><testcase classname="backend.tests.test_analysis_gateway" name="test_service_invalid_overlong_config_returns_sanitized_envelope_without_request" time="0.002" /><testcase classname="backend.tests.test_analysis_gateway" name="test_service_rejects_malformed_callers_without_provider_request[None]" time="0.002" /><testcase classname="backend.tests.test_analysis_gateway" name="test_service_rejects_malformed_callers_without_provider_request[caller1]" time="0.002" /><testcase classname="backend.tests.test_analysis_gateway" name="test_service_rejects_malformed_callers_without_provider_request[scalar]" time="0.002" /><testcase classname="backend.tests.test_analysis_gateway" name="test_service_rejects_malformed_callers_without_provider_request[7]" time="0.002" /><testcase classname="backend.tests.test_analysis_gateway" name="test_service_rejects_malformed_callers_without_provider_request[caller4]" time="0.002" /><testcase classname="backend.tests.test_analysis_gateway" name="test_service_rejects_malformed_callers_without_provider_request[caller5]" time="0.002" /><testcase classname="backend.tests.test_analysis_gateway" name="test_service_valid_mapping_is_validated_before_adapter_call" time="0.002" /><testcase classname="backend.tests.test_analysis_persistence" name="test_completed_envelope_persists_only_validated_output" time="0.004" /><testcase classname="backend.tests.test_analysis_persistence" name="test_analysis_unavailable_persists_sanitized_failure_and_null_output" time="0.002" /><testcase classname="backend.tests.test_analysis_persistence" name="test_invalid_hashes_are_rejected_at_model_boundary[input_hash]" time="0.000" /><testcase classname="backend.tests.test_analysis_persistence" name="test_invalid_hashes_are_rejected_at_model_boundary[result_hash]" time="0.000" /><testcase classname="backend.tests.test_analysis_persistence" name="test_record_rejects_invalid_hash_even_when_given_mapping" time="0.001" /><testcase classname="backend.tests.test_analysis_persistence" name="test_record_revalidates_expected_provenance_contract[kwargs0]" time="0.001" /><testcase classname="backend.tests.test_analysis_persistence" name="test_record_revalidates_expected_provenance_contract[kwargs1]" time="0.001" /><testcase classname="backend.tests.test_analysis_persistence" name="test_record_revalidates_expected_provenance_contract[kwargs2]" time="0.001" /><testcase classname="backend.tests.test_analysis_persistence" name="test_record_revalidates_expected_provenance_contract[kwargs3]" time="0.001" /><testcase classname="backend.tests.test_analysis_persistence" name="test_record_revalidates_expected_provenance_contract[kwargs4]" time="0.001" /><testcase classname="backend.tests.test_analysis_persistence" name="test_sqlite_trigger_readiness_requires_expected_table_owner" time="0.021" /><testcase classname="backend.tests.test_analysis_persistence" name="test_sqlite_foreign_keys_are_enabled_and_reject_orphan_news_link" time="0.002" /><testcase classname="backend.tests.test_analysis_persistence" name="test_news_provenance_link_fields_exist_without_news_service_integration" time="0.000" /><testcase classname="backend.tests.test_analysis_persistence" name="test_enqueue_allowlists_runners_and_stores_stable_hashes_without_cli" time="0.003" /><testcase classname="backend.tests.test_analysis_persistence" name="test_review_memo_is_allowlisted_bounded_and_rejects_sensitive_content" time="0.003" /><testcase classname="backend.tests.test_analysis_persistence" name="test_canonical_json_rejects_special_float_constants_and_requires_object" time="0.000" /><testcase classname="backend.tests.test_analysis_persistence" name="test_review_transition_is_atomic_across_two_file_sqlite_sessions" time="0.007" /><testcase classname="backend.tests.test_analysis_persistence" name="test_raw_bulk_corruption_is_rejected_by_append_only_trigger" time="0.002" /><testcase classname="backend.tests.test_analysis_persistence" name="test_db_status_and_timestamp_coherence_checks_reject_raw_invalid_rows" time="0.001" /><testcase classname="backend.tests.test_analysis_persistence" name="test_candidate_terminal_transitions_are_idempotent_and_opposites_rejected" time="0.006" /><testcase classname="backend.tests.test_analysis_persistence" name="test_review_note_uses_two_thousand_character_bound" time="0.005" /><testcase classname="backend.tests.test_analysis_persistence" name="test_rejected_candidate_has_timestamp_and_no_domain_side_effects" time="0.005" /><testcase classname="backend.tests.test_analysis_persistence" name="test_hash_arguments_must_be_strict_64_hex" time="0.001" /><testcase classname="backend.tests.test_analysis_persistence" name="test_persisted_payloads_are_immutable_strings_and_updates_are_rejected" time="0.002" /><testcase classname="backend.tests.test_analysis_persistence" name="test_raw_sql_cannot_persist_overlong_memo_or_review_note" time="0.003" /><testcase classname="backend.tests.test_analysis_persistence" name="test_review_integrity_rejects_raw_malformed_memo_update" time="0.004" /><testcase classname="backend.tests.test_analysis_persistence" name="test_migration_uses_single_fk_and_no_forced_news_table_recreation" time="0.000" /><testcase classname="backend.tests.test_analysis_persistence" name="test_sqlite_hash_checks_reject_non_hex_raw_sql_and_accept_hex" time="0.002" /><testcase classname="backend.tests.test_analysis_persistence" name="test_entities_require_canonical_object_json_and_hash_binding" time="0.002" /><testcase classname="backend.tests.test_analysis_persistence" name="test_auto_create_only_storage_fails_closed_before_any_rows_are_written" time="0.022" /><testcase classname="backend.tests.test_analysis_persistence" name="test_unknown_storage_dialect_fails_closed" time="0.001" /><testcase classname="backend.tests.test_analysis_persistence" name="test_migration_defines_append_only_delete_triggers_and_postgres_cleanup" time="0.000" /><testcase classname="backend.tests.test_analysis_persistence" name="test_raw_delete_is_rejected_by_migrated_sqlite_triggers_and_rows_remain" time="0.005" /><testcase classname="backend.tests.test_api" name="test_dashboard_api_and_static_assets" time="0.116" /><testcase classname="backend.tests.test_api" name="test_d1_static_dashboard_contract_is_code_first_and_provenance_aware" time="0.001" /><testcase classname="backend.tests.test_api" name="test_d1_static_accessibility_fallback_sse_and_xss_contract" time="0.001" /><testcase classname="backend.tests.test_api" name="test_d1_report_context_status_uses_observation_provenance" time="0.039" /><testcase classname="backend.tests.test_api" name="test_report_service_generation_wires_bootstrap_market_context" time="0.115" /><testcase classname="backend.tests.test_api" name="test_market_context_endpoint_requires_private_auth_when_enabled" time="0.012" /><testcase classname="backend.tests.test_api" name="test_forecast_payload_preserves_stored_provenance_and_unavailable_cutoff" time="0.089" /><testcase classname="backend.tests.test_api" name="test_forecast_payload_does_not_trust_malformed_diagnostics_and_preserves_zero_negative_values" time="0.094" /><testcase classname="backend.tests.test_api" name="test_runtime_settings_can_be_changed" time="0.012" /><testcase classname="backend.tests.test_api" name="test_d2_portfolio_ocr_review_ui_contract_is_private_and_explicit" time="0.002" /><testcase classname="backend.tests.test_api" name="test_d2_race_safe_queue_numeric_and_mobile_contract" time="0.001" /><testcase classname="backend.tests.test_auth_registration" name="test_registration_success_sets_cookies_and_logs_in" time="0.130" /><testcase classname="backend.tests.test_auth_registration" name="test_registration_invalid_invite_code_rejected" time="0.088" /><testcase classname="backend.tests.test_auth_registration" name="test_registration_duplicate_username_conflict" time="0.227" /><testcase classname="backend.tests.test_auth_registration" name="test_registration_disabled" time="0.060" /><testcase classname="backend.tests.test_auth_registration" name="test_registration_validation_constraints" time="0.089" /><testcase classname="backend.tests.test_auth_registration" name="test_registration_defaults_are_fail_closed" time="0.004" /><testcase classname="backend.tests.test_backtest" name="test_rotation_backtest_is_next_open_and_audited" time="1.479" /><testcase classname="backend.tests.test_backtest_crosscheck" name="test_backtest_crosscheck_task_exists" time="0.001" /><testcase classname="backend.tests.test_backtest_crosscheck" name="test_crosscheck_read_primary_and_verdict" time="1.620" /><testcase classname="backend.tests.test_backtest_crosscheck" name="test_crosscheck_mock_flagged" time="1.365" /><testcase classname="backend.tests.test_board_service" name="test_board_catalog_has_dozens_of_industry_and_concept_entries" time="0.051" /><testcase classname="backend.tests.test_board_service" name="test_board_score_uses_indicator_coefficients_not_llm" time="0.000" /><testcase classname="backend.tests.test_board_service" name="test_add_fund_to_board_does_not_write_holdings" time="0.005" /><testcase classname="backend.tests.test_board_service" name="test_unknown_board_add_is_rejected" time="0.001" /><testcase classname="backend.tests.test_calibrate_forecasts" name="test_calibrate_forecasts_task_exists" time="0.003" /><testcase classname="backend.tests.test_calibrate_forecasts" name="test_calibrate_skip_when_no_report" time="0.001" /><testcase classname="backend.tests.test_calibrate_forecasts" name="test_calibrate_creates_candidate_and_is_idempotent" time="19.311" /><testcase classname="backend.tests.test_calibrate_forecasts" name="test_calibrate_reject_flow" time="20.304" /><testcase classname="backend.tests.test_calibrate_forecasts" name="test_calibrate_reject_blocks_approval_without_manual_gates" time="21.522" /><testcase classname="backend.tests.test_calibrate_forecasts" name="test_calibrate_reject_blocks_approval_with_version_mismatch" time="19.503" /><testcase classname="backend.tests.test_composite_coverage" name="test_quotes_fill_only_missing_codes_and_preserve_primary_priority" time="0.000" /><testcase classname="backend.tests.test_composite_coverage" name="test_full_primary_quote_coverage_does_not_call_fallback" time="0.000" /><testcase classname="backend.tests.test_composite_coverage" name="test_primary_failure_can_be_filled_by_fallback_per_code" time="0.000" /><testcase classname="backend.tests.test_composite_coverage" name="test_partial_coverage_returns_known_rows_and_keeps_missing_explicit_in_trace" time="0.000" /><testcase classname="backend.tests.test_composite_coverage" name="test_instrument_lookup_fills_missing_symbol_alias_without_overwriting_primary" time="0.000" /><testcase classname="backend.tests.test_composite_coverage" name="test_market_service_reports_requested_received_and_missing_codes" time="0.003" /><testcase classname="backend.tests.test_composite_news" name="test_composite_news_aggregates_and_deduplicates" time="0.000" /><testcase classname="backend.tests.test_cross_surface_consistency" name="test_actions_and_support_resistance_consistent_across_surfaces" time="1.038" /><testcase classname="backend.tests.test_cross_surface_consistency" name="test_support_resistance_snapshot_persisted_and_reused" time="0.513" /><testcase classname="backend.tests.test_cross_surface_consistency" name="test_kline_states_match_signal_grade_semantics" time="0.150" /><testcase classname="backend.tests.test_current_decision" name="test_current_decision_precedence_prefers_board_then_grade_then_legacy_signal" time="0.000" /><testcase classname="backend.tests.test_current_decision" name="test_current_decision_empty_values_do_not_create_fake_state" time="0.000" /><testcase classname="backend.tests.test_current_decision" name="test_source_summary_is_explicit_for_mixed_per_instrument_resolution" time="0.000" /><testcase classname="backend.tests.test_decision_board" name="test_percent_points_are_converted_to_decimal_ratios_including_small_and_zero_values" time="0.000" /><testcase classname="backend.tests.test_decision_board" name="test_health_sort_key_is_display_only_and_keeps_existing_grade_order" time="0.000" /><testcase classname="backend.tests.test_decision_board" name="test_refresh_builds_one_unique_row_per_enabled_instrument_and_never_writes_daily_bars" time="0.707" /><testcase classname="backend.tests.test_decision_board" name="test_snapshot_read_is_provider_free_and_returns_explicit_stale_missing_state" time="0.562" /><testcase classname="backend.tests.test_decision_board" name="test_demo_refresh_is_ephemeral_and_does_not_write_production_snapshot" time="0.129" /><testcase classname="backend.tests.test_decision_board" name="test_provisional_input_is_isolated_from_daily_bars" time="0.870" /><testcase classname="backend.tests.test_decision_board" name="test_due_slots_skip_lunch_and_weekends[value0-20260831-0900]" time="0.001" /><testcase classname="backend.tests.test_decision_board" name="test_due_slots_skip_lunch_and_weekends[value1-20260831-1457]" time="0.000" /><testcase classname="backend.tests.test_decision_board" name="test_due_slots_skip_lunch_and_weekends[value2-None]" time="0.000" /><testcase classname="backend.tests.test_decision_board" name="test_due_slots_skip_lunch_and_weekends[value3-None]" time="0.000" /><testcase classname="backend.tests.test_decision_board" name="test_due_slot_claim_survives_restart_and_deduplicates" time="0.004" /><testcase classname="backend.tests.test_decision_board" name="test_two_refresh_requests_leave_only_one_active_job" time="0.004" /><testcase classname="backend.tests.test_decision_board" name="test_active_refresh_index_allows_terminal_history_and_one_new_queue" time="0.003" /><testcase classname="backend.tests.test_decision_board" name="test_task_run_adopts_the_active_queued_decision_board_refresh" time="0.677" /><testcase classname="backend.tests.test_decision_board" name="test_task_run_returns_controlled_busy_when_decision_board_refresh_is_running" time="0.005" /><testcase classname="backend.tests.test_decision_board" name="test_private_api_reads_snapshot_and_queues_refresh" time="0.813" /><testcase classname="backend.tests.test_decision_board" name="test_snapshot_rows_supply_all_wide_table_metric_objects_and_selected_groups" time="0.646" /><testcase classname="backend.tests.test_decision_board" name="test_detail_is_captured_in_snapshot_and_stays_immutable_after_domain_rows_change" time="0.632" /><testcase classname="backend.tests.test_decision_board" name="test_complete_unverified_provisional_is_derived_research_only_and_drives_display" time="0.668" /><testcase classname="backend.tests.test_decision_board" name="test_previous_day_delta_is_today_minus_previous_confirmed_return" time="0.842" /><testcase classname="backend.tests.test_decision_board" name="test_snapshot_id_binds_list_and_detail_to_exact_persisted_snapshot" time="1.442" /><testcase classname="backend.tests.test_decision_board" name="test_next_refresh_skips_weekend_to_next_trading_day" time="0.000" /><testcase classname="backend.tests.test_decision_board" name="test_snapshot_retention_keeps_last_twenty_trading_dates" time="19.972" /><testcase classname="backend.tests.test_decision_board" name="test_semantic_health_sort_keys_use_approved_primitive_priority_order" time="0.000" /><testcase classname="backend.tests.test_decision_board" name="test_selected_horizon_changes_forecast_sort_key" time="0.000" /><testcase classname="backend.tests.test_decision_board" name="test_semantic_sort_keys_break_same_class_ties_without_object_text" time="0.000" /><testcase classname="backend.tests.test_decision_board" name="test_read_latest_and_api_rematerialize_selected_horizon_forecast_key" time="1.315" /><testcase classname="backend.tests.test_decision_board" name="test_snapshot_marks_old_verified_quote_stale_and_keeps_anomaly_visible" time="2.302" /><testcase classname="backend.tests.test_decision_board" name="test_snapshot_marks_same_day_future_verified_quote_stale_and_non_actionable" time="0.980" /><testcase classname="backend.tests.test_decision_board" name="test_cross_day_provisional_input_is_stale_and_not_used_for_derived_values" time="0.999" /><testcase classname="backend.tests.test_decision_board" name="test_decision_board_task_emits_safe_update_event" time="1.258" /><testcase classname="backend.tests.test_delivery_external_research" name="test_external_preview_is_read_only_and_import_requires_consent" time="0.032" /><testcase classname="backend.tests.test_delivery_external_research" name="test_bad_external_packet_rejected_before_storage[hash]" time="0.009" /><testcase classname="backend.tests.test_delivery_external_research" name="test_bad_external_packet_rejected_before_storage[path]" time="0.010" /><testcase classname="backend.tests.test_delivery_external_research" name="test_bad_external_packet_rejected_before_storage[duplicates]" time="0.009" /><testcase classname="backend.tests.test_delivery_external_research" name="test_bad_external_packet_rejected_before_storage[future]" time="0.008" /><testcase classname="backend.tests.test_delivery_external_research" name="test_bad_external_packet_rejected_before_storage[credential]" time="0.010" /><testcase classname="backend.tests.test_delivery_external_research" name="test_bad_external_packet_rejected_before_storage[failed]" time="0.008" /><testcase classname="backend.tests.test_delivery_external_research" name="test_bad_external_packet_rejected_before_storage[json-duplicate]" time="0.007" /><testcase classname="backend.tests.test_delivery_external_research" name="test_bad_external_packet_rejected_before_storage[oversize]" time="0.010" /><testcase classname="backend.tests.test_delivery_external_research" name="test_file_adapter_refuses_symlinks_and_preserves_original_hash" time="0.003" /><testcase classname="backend.tests.test_delivery_external_research" name="test_style_registry_is_versioned_reference_only" time="0.009" /><testcase classname="backend.tests.test_delivery_external_research" name="test_external_archive_is_isolated_by_database_user" time="0.258" /><testcase classname="backend.tests.test_delivery_ingestion" name="test_optional_akshare_client_can_be_injected_without_import" time="0.002" /><testcase classname="backend.tests.test_delivery_ingestion" name="test_ingestion_has_constant_select_count_and_skips_unchanged" time="0.042" /><testcase classname="backend.tests.test_delivery_ingestion" name="test_correction_is_updated_and_exact_duplicate_is_idempotent" time="0.033" /><testcase classname="backend.tests.test_delivery_ingestion" name="test_invalid_batch_never_partially_mutates_history[conflict]" time="0.028" /><testcase classname="backend.tests.test_delivery_ingestion" name="test_invalid_batch_never_partially_mutates_history[wrong_code]" time="0.029" /><testcase classname="backend.tests.test_delivery_ingestion" name="test_invalid_batch_never_partially_mutates_history[nonfinite]" time="0.029" /><testcase classname="backend.tests.test_delivery_ingestion" name="test_invalid_batch_never_partially_mutates_history[zero_price]" time="0.027" /><testcase classname="backend.tests.test_delivery_ingestion" name="test_worker_preserves_partial_outcomes[output0-partial]" time="0.001" /><testcase classname="backend.tests.test_delivery_ingestion" name="test_worker_preserves_partial_outcomes[output1-partial]" time="0.000" /><testcase classname="backend.tests.test_delivery_ingestion" name="test_worker_preserves_partial_outcomes[output2-partial]" time="0.000" /><testcase classname="backend.tests.test_delivery_ingestion" name="test_worker_preserves_partial_outcomes[output3-failed]" time="0.000" /><testcase classname="backend.tests.test_delivery_ingestion" name="test_worker_preserves_partial_outcomes[output4-succeeded]" time="0.000" /><testcase classname="backend.tests.test_delivery_ingestion" name="test_invalid_quote_is_not_a_zero_cost_valuation[0]" time="0.002" /><testcase classname="backend.tests.test_delivery_ingestion" name="test_invalid_quote_is_not_a_zero_cost_valuation[-1]" time="0.002" /><testcase classname="backend.tests.test_delivery_ingestion" name="test_invalid_quote_is_not_a_zero_cost_valuation[nan]" time="0.002" /><testcase classname="backend.tests.test_delivery_ingestion" name="test_invalid_quote_is_not_a_zero_cost_valuation[inf]" time="0.002" /><testcase classname="backend.tests.test_delivery_ingestion" name="test_invalid_quote_is_not_a_zero_cost_valuation[False]" time="0.002" /><testcase classname="backend.tests.test_demo_mode_js" name="test_demo_mode_transitions_and_formal_mutation_mutex" time="5.054" /><testcase classname="backend.tests.test_demo_service" name="test_demo_load_isolated_and_non_actionable" time="8.113" /><testcase classname="backend.tests.test_demo_service" name="test_demo_status_before_load_and_after_reset" time="8.188" /><testcase classname="backend.tests.test_demo_service" name="test_demo_hard_disables_network_capable_integrations" time="8.340" /><testcase classname="backend.tests.test_demo_service" name="test_demo_status_origins_are_mutually_exclusive" time="8.023" /><testcase classname="backend.tests.test_demo_service" name="test_demo_closes_injected_provider_once" time="8.648" /><testcase classname="backend.tests.test_demo_service" name="test_demo_classifies_injected_provider_and_core_failures" time="0.429" /><testcase classname="backend.tests.test_demo_service" name="test_app_lifespan_disposes_demo_runtime" time="8.596" /><testcase classname="backend.tests.test_demo_service" name="test_demo_endpoints_are_private_and_reject_controls" time="8.539" /><testcase classname="backend.tests.test_demo_service" name="test_refresh_bars_30_calendar_days_skips_and_120_generates_indicators" time="1.755" /><testcase classname="backend.tests.test_etf_1430_workbench" name="test_etf_1430_summary_and_detail_contract" time="0.216" /><testcase classname="backend.tests.test_etf_1430_workbench" name="test_etf_1430_http_and_static_contract" time="0.566" /><testcase classname="backend.tests.test_etf_1430_workbench" name="test_etf_1430_required_operational_files_exist" time="0.000" /><testcase classname="backend.tests.test_etf_1430_workbench" name="test_etf_detail_page_route_and_contract" time="0.014" /><testcase classname="backend.tests.test_factor_analysis_service" name="test_factor_metric_reports_rank_ic_spread_and_turnover" time="0.010" /><testcase classname="backend.tests.test_factor_analysis_service" name="test_oss_research_factors_are_diagnostic_only_not_production_features" time="0.000" /><testcase classname="backend.tests.test_factor_analysis_service" name="test_oss_research_factor_diagnostics_are_point_in_time" time="0.130" /><testcase classname="backend.tests.test_factor_analysis_service" name="test_rolling_benchmark_beta_and_correlation_have_expected_direction" time="0.063" /><testcase classname="backend.tests.test_forecast" name="test_similarity_forecast_has_bounded_outputs" time="0.017" /><testcase classname="backend.tests.test_forecast_corridor" name="test_similarity_forecast_builds_endpoint_and_path_corridors" time="0.073" /><testcase classname="backend.tests.test_forecast_corridor" name="test_forecast_short_history_fails_closed" time="0.033" /><testcase classname="backend.tests.test_ftshare_provider" name="test_ftshare_provider_is_publicly_exported" time="0.000" /><testcase classname="backend.tests.test_ftshare_provider" name="test_provider_accepts_http_client_injection_alias" time="0.002" /><testcase classname="backend.tests.test_ftshare_provider" name="test_provider_rejects_non_allowlisted_endpoint" time="0.002" /><testcase classname="backend.tests.test_ftshare_provider" name="test_settings_are_disabled_by_default_and_bounded" time="0.002" /><testcase classname="backend.tests.test_ftshare_provider" name="test_list_instruments_normalizes_exchanges_and_filters_non_etf" time="0.002" /><testcase classname="backend.tests.test_ftshare_provider" name="test_daily_bars_maps_dates_units_and_source" time="0.003" /><testcase classname="backend.tests.test_ftshare_provider" name="test_daily_bars_accepts_exact_pinned_skill_row_without_code_or_trade_date" time="0.002" /><testcase classname="backend.tests.test_ftshare_provider" name="test_spot_quotes_accept_exact_pinned_skill_row_without_code_for_single_request" time="0.002" /><testcase classname="backend.tests.test_ftshare_provider" name="test_spot_batch_uses_one_request_per_code_without_positional_mapping" time="0.002" /><testcase classname="backend.tests.test_ftshare_provider" name="test_daily_requests_explicit_unadjusted_data_and_rejects_contradictory_metadata" time="0.002" /><testcase classname="backend.tests.test_ftshare_provider" name="test_response_byte_limit_stops_stream_and_closes_it" time="0.002" /><testcase classname="backend.tests.test_ftshare_provider" name="test_composite_close_is_idempotent_and_market_provider_close_is_noop" time="0.000" /><testcase classname="backend.tests.test_ftshare_provider" name="test_composite_close_attempts_all_children_and_sanitizes_failures" time="0.000" /><testcase classname="backend.tests.test_ftshare_provider" name="test_task_service_closes_only_owned_provider" time="0.003" /><testcase classname="backend.tests.test_ftshare_provider" name="test_factory_aggregate_errors_never_include_provider_exception_text" time="0.002" /><testcase classname="backend.tests.test_ftshare_provider" name="test_spot_quotes_are_explicitly_non_realtime" time="0.002" /><testcase classname="backend.tests.test_ftshare_provider" name="test_spot_quotes_validate_optional_ohlc_and_percent_units" time="0.002" /><testcase classname="backend.tests.test_ftshare_provider" name="test_upstream_rejection_and_empty_data_fail_closed_without_leaking[payload0]" time="0.002" /><testcase classname="backend.tests.test_ftshare_provider" name="test_upstream_rejection_and_empty_data_fail_closed_without_leaking[payload1]" time="0.002" /><testcase classname="backend.tests.test_ftshare_provider" name="test_structured_upstream_rejection_is_mapped_even_on_success_http_status" time="0.002" /><testcase classname="backend.tests.test_ftshare_provider" name="test_invalid_daily_rows_are_rejected[row0]" time="0.002" /><testcase classname="backend.tests.test_ftshare_provider" name="test_invalid_daily_rows_are_rejected[row1]" time="0.002" /><testcase classname="backend.tests.test_ftshare_provider" name="test_invalid_daily_rows_are_rejected[row2]" time="0.002" /><testcase classname="backend.tests.test_ftshare_provider" name="test_invalid_daily_rows_are_rejected[row3]" time="0.002" /><testcase classname="backend.tests.test_ftshare_provider" name="test_truncated_or_oversize_responses_are_rejected" time="0.002" /><testcase classname="backend.tests.test_ftshare_provider" name="test_native_wrapper_metadata_is_checked_when_present" time="0.002" /><testcase classname="backend.tests.test_ftshare_provider" name="test_timeout_is_sanitized" time="0.002" /><testcase classname="backend.tests.test_ftshare_provider" name="test_unexpected_transport_exception_is_sanitized" time="0.002" /><testcase classname="backend.tests.test_ftshare_provider" name="test_malformed_timestamp_is_sanitized" time="0.002" /><testcase classname="backend.tests.test_ftshare_provider" name="test_factory_explicit_ftshare_requires_enabled_and_composites_order" time="0.007" /><testcase classname="backend.tests.test_ftshare_provider" name="test_public_composite_uses_tushare_only_after_akshare_when_token_is_available" time="0.002" /><testcase classname="backend.tests.test_ftshare_provider" name="test_new_factory_chains_never_add_mock_even_when_legacy_flag_is_true" time="0.003" /><testcase classname="backend.tests.test_ftshare_provider" name="test_metadata_source_requires_exact_allowlist[market.ft.tech.evil]" time="0.002" /><testcase classname="backend.tests.test_ftshare_provider" name="test_metadata_source_requires_exact_allowlist[ftshare-http]" time="0.002" /><testcase classname="backend.tests.test_ftshare_provider" name="test_metadata_source_requires_exact_allowlist[https://market.ft.tech]" time="0.003" /><testcase classname="backend.tests.test_ftshare_provider" name="test_native_wrapper_without_exact_metadata_is_rejected" time="0.002" /><testcase classname="backend.tests.test_ftshare_provider" name="test_daily_optional_symbol_and_date_must_match_requested_boundaries[row0]" time="0.002" /><testcase classname="backend.tests.test_ftshare_provider" name="test_daily_optional_symbol_and_date_must_match_requested_boundaries[row1]" time="0.002" /><testcase classname="backend.tests.test_ftshare_provider" name="test_spot_row_foreign_symbol_is_rejected" time="0.002" /><testcase classname="backend.tests.test_ftshare_provider" name="test_future_source_timestamp_is_rejected_even_when_trade_date_is_current" time="0.002" /><testcase classname="backend.tests.test_ftshare_provider" name="test_daily_requires_bounded_integer_millis_and_ordered_same_day_timestamps[row0]" time="0.002" /><testcase classname="backend.tests.test_ftshare_provider" name="test_daily_requires_bounded_integer_millis_and_ordered_same_day_timestamps[row1]" time="0.002" /><testcase classname="backend.tests.test_ftshare_provider" name="test_daily_requires_bounded_integer_millis_and_ordered_same_day_timestamps[row2]" time="0.002" /><testcase classname="backend.tests.test_ftshare_provider" name="test_daily_requires_bounded_integer_millis_and_ordered_same_day_timestamps[row3]" time="0.002" /><testcase classname="backend.tests.test_ftshare_provider" name="test_pagination_fields_are_strict_positive_integers[pagination0]" time="0.002" /><testcase classname="backend.tests.test_ftshare_provider" name="test_pagination_fields_are_strict_positive_integers[pagination1]" time="0.002" /><testcase classname="backend.tests.test_ftshare_provider" name="test_pagination_fields_are_strict_positive_integers[pagination2]" time="0.002" /><testcase classname="backend.tests.test_ftshare_provider" name="test_pagination_fields_are_strict_positive_integers[pagination3]" time="0.002" /><testcase classname="backend.tests.test_ftshare_provider" name="test_pagination_fields_are_strict_positive_integers[pagination4]" time="0.002" /><testcase classname="backend.tests.test_ftshare_provider" name="test_pagination_page_is_bounded_without_total_pages" time="0.002" /><testcase classname="backend.tests.test_ftshare_provider" name="test_daily_volume_requires_integer_shares[True]" time="0.002" /><testcase classname="backend.tests.test_ftshare_provider" name="test_daily_volume_requires_integer_shares[1.5_0]" time="0.002" /><testcase classname="backend.tests.test_ftshare_provider" name="test_daily_volume_requires_integer_shares[1.5_1]" time="0.002" /><testcase classname="backend.tests.test_ftshare_provider" name="test_daily_volume_requires_integer_shares[1.0]" time="0.002" /><testcase classname="backend.tests.test_ftshare_provider" name="test_daily_prices_must_be_strictly_positive[0_0]" time="0.004" /><testcase classname="backend.tests.test_ftshare_provider" name="test_daily_prices_must_be_strictly_positive[-0.1]" time="0.002" /><testcase classname="backend.tests.test_ftshare_provider" name="test_daily_prices_must_be_strictly_positive[0_1]" time="0.002" /><testcase classname="backend.tests.test_ftshare_provider" name="test_derived_pct_is_bounded_and_does_not_trust_upstream_units" time="0.002" /><testcase classname="backend.tests.test_ftshare_provider" name="test_quote_price_zero_and_nonfinite_pct_are_rejected" time="0.002" /><testcase classname="backend.tests.test_ftshare_provider" name="test_base_url_is_fixed_and_rejects_unsafe_values[http://market.ft.tech/gateway]" time="0.002" /><testcase classname="backend.tests.test_ftshare_provider" name="test_base_url_is_fixed_and_rejects_unsafe_values[https://evil.test/gateway]" time="0.002" /><testcase classname="backend.tests.test_ftshare_provider" name="test_base_url_is_fixed_and_rejects_unsafe_values[https://user:pass@market.ft.tech/gateway]" time="0.002" /><testcase classname="backend.tests.test_ftshare_provider" name="test_base_url_is_fixed_and_rejects_unsafe_values[https://market.ft.tech/not-gateway]" time="0.002" /><testcase classname="backend.tests.test_ftshare_provider" name="test_base_url_is_fixed_and_rejects_unsafe_values[https://market.ft.tech/gateway?x=1]" time="0.002" /><testcase classname="backend.tests.test_ftshare_provider" name="test_custom_base_url_requires_explicit_nonproduction_opt_in" time="0.002" /><testcase classname="backend.tests.test_ftshare_provider" name="test_custom_base_url_is_rejected_in_production_even_when_flagged" time="0.002" /><testcase classname="backend.tests.test_ftshare_provider" name="test_runtime_resolution_preserves_explicit_ftshare_modes" time="0.005" /><testcase classname="backend.tests.test_global_model_walk_forward" name="test_global_model_research_uses_purged_expanding_walk_forward" time="0.058" /><testcase classname="backend.tests.test_holding_import" name="test_image_validation_returns_only_safe_metadata[PNG-image/png]" time="0.008" /><testcase classname="backend.tests.test_holding_import" name="test_image_validation_returns_only_safe_metadata[JPEG-image/jpeg]" time="0.001" /><testcase classname="backend.tests.test_holding_import" name="test_image_validation_returns_only_safe_metadata[WEBP-image/webp]" time="0.020" /><testcase classname="backend.tests.test_holding_import" name="test_image_validation_rejects_mismatch_corruption_and_bytes_plus_one" time="0.001" /><testcase classname="backend.tests.test_holding_import" name="test_image_validation_rejects_dimensions_and_trailing_polyglot" time="0.001" /><testcase classname="backend.tests.test_holding_import" name="test_image_validation_translates_decoder_bomb_without_mutating_pillow_global" time="0.000" /><testcase classname="backend.tests.test_holding_import" name="test_ocr_contracts_are_immutable_bounded_and_extra_forbid" time="0.001" /><testcase classname="backend.tests.test_holding_import" name="test_fake_backend_is_deterministic_and_never_exposes_sensitive_fields" time="0.000" /><testcase classname="backend.tests.test_holding_import" name="test_paddle_adapter_is_lazy_and_sanitizes_unavailable" time="0.001" /><testcase classname="backend.tests.test_holding_import" name="test_paddle_requires_strict_local_manifest_and_nonempty_det_rec_artifacts" time="0.181" /><testcase classname="backend.tests.test_holding_import" name="test_paddle_hard_timeout_terminates_spawned_worker" time="0.105" /><testcase classname="backend.tests.test_holding_import" name="test_paddle_start_failure_closes_both_pipes_without_process_cleanup" time="0.000" /><testcase classname="backend.tests.test_holding_import" name="test_paddle_response_then_sleep_worker_is_cleaned_up" time="0.576" /><testcase classname="backend.tests.test_holding_import" name="test_paddle_rejects_root_extra_entries" time="0.003" /><testcase classname="backend.tests.test_holding_import" name="test_paddle_revalidates_forged_validated_image" time="0.001" /><testcase classname="backend.tests.test_holding_import" name="test_ocr_settings_default_cloud_off_and_bounds" time="0.014" /><testcase classname="backend.tests.test_holding_import" name="test_ocr_settings_rejects_transient_symlink_and_insecure_production_root" time="0.004" /><testcase classname="backend.tests.test_holding_import" name="test_import_models_allow_only_sanitized_candidate_fields" time="0.006" /><testcase classname="backend.tests.test_holding_import" name="test_import_json_serialization_rejects_sensitive_keys_before_flush" time="0.000" /><testcase classname="backend.tests.test_holding_import" name="test_import_sqlite_constraint_rejects_sensitive_raw_json" time="0.002" /><testcase classname="backend.tests.test_holding_import" name="test_import_sqlite_cloud_consent_is_exactly_bidirectional" time="0.002" /><testcase classname="backend.tests.test_holding_import" name="test_import_type_decorator_rejects_noncanonical_persisted_json" time="0.004" /><testcase classname="backend.tests.test_holding_import" name="test_import_safe_text_type_rejects_raw_sql_markers_on_orm_read[Bearer abc]" time="0.002" /><testcase classname="backend.tests.test_holding_import" name="test_import_safe_text_type_rejects_raw_sql_markers_on_orm_read[token abc]" time="0.002" /><testcase classname="backend.tests.test_holding_import" name="test_import_safe_text_type_rejects_raw_sql_markers_on_orm_read[passwd=abc]" time="0.002" /><testcase classname="backend.tests.test_holding_import" name="test_import_safe_text_type_rejects_raw_sql_markers_on_orm_read[\\\\server\\share]" time="0.002" /><testcase classname="backend.tests.test_holding_import" name="test_import_safe_text_type_rejects_raw_sql_markers_on_orm_read[name\nline]" time="0.002" /><testcase classname="backend.tests.test_holding_import" name="test_import_safe_text_type_rejects_raw_sql_markers_on_orm_read[name\rline]" time="0.002" /><testcase classname="backend.tests.test_holding_import" name="test_import_safe_text_type_rejects_raw_sql_markers_on_orm_read[name\tline]" time="0.002" /><testcase classname="backend.tests.test_holding_import" name="test_import_sqlite_nul_triggers_reject_insert_and_update" time="0.003" /><testcase classname="backend.tests.test_holding_import" name="test_import_safe_text_rejects_unicode_control_characters[\n]" time="0.000" /><testcase classname="backend.tests.test_holding_import" name="test_import_safe_text_rejects_unicode_control_characters[\r]" time="0.000" /><testcase classname="backend.tests.test_holding_import" name="test_import_safe_text_rejects_unicode_control_characters[\t]" time="0.000" /><testcase classname="backend.tests.test_holding_import" name="test_import_safe_text_rejects_unicode_control_characters[\x00]" time="0.000" /><testcase classname="backend.tests.test_holding_import" name="test_import_selected_code_timestamp_and_action_combinations_are_coherent" time="0.011" /><testcase classname="backend.tests.test_holding_import" name="test_import_session_terminal_timestamps_are_bidirectionally_coherent" time="0.001" /><testcase classname="backend.tests.test_holding_import" name="test_import_tables_compile_for_postgresql_and_indexes_have_no_duplicate_expiry" time="0.005" /><testcase classname="backend.tests.test_holding_import" name="test_migration_declares_expected_revision" time="0.000" /><testcase classname="backend.tests.test_holding_import" name="test_holding_import_service_requires_explicit_review_before_writing" time="0.283" /><testcase classname="backend.tests.test_holding_import" name="test_holding_import_api_upload_review_edit_confirm_and_no_image_route" time="0.068" /><testcase classname="backend.tests.test_holding_import" name="test_holding_import_rejects_bad_upload_and_requires_auth" time="0.010" /><testcase classname="backend.tests.test_holding_import" name="test_holding_import_resolver_classifies_exact_symbol_name_ambiguity_and_duplicates" time="0.012" /><testcase classname="backend.tests.test_holding_import" name="test_holding_import_existing_holding_is_duplicate_until_explicit_selection" time="0.012" /><testcase classname="backend.tests.test_holding_import" name="test_holding_import_confirm_is_atomic_and_idempotent" time="0.036" /><testcase classname="backend.tests.test_holding_import" name="test_holding_import_cancel_and_expiry_remove_only_opaque_storage" time="0.019" /><testcase classname="backend.tests.test_holding_import" name="test_holding_import_cloud_consent_is_explicit_and_off_by_default" time="0.009" /><testcase classname="backend.tests.test_holding_import" name="test_holding_import_api_is_private_when_authentication_enabled" time="0.013" /><testcase classname="backend.tests.test_holding_import" name="test_holding_import_api_rejects_oversized_multipart_stream" time="0.037" /><testcase classname="backend.tests.test_holding_import" name="test_holding_import_lifespan_cleanup_failure_does_not_block_startup" time="0.008" /><testcase classname="backend.tests.test_holding_import" name="test_holding_import_strict_name_and_invalid_exchange_never_fall_back" time="0.010" /><testcase classname="backend.tests.test_holding_import" name="test_holding_import_terminal_cleanup_clears_key_only_after_delete_and_retries" time="0.012" /><testcase classname="backend.tests.test_holding_import" name="test_holding_import_get_persists_expiry_before_return" time="0.010" /><testcase classname="backend.tests.test_holding_import" name="test_holding_import_api_get_persists_expiry_transition" time="0.019" /><testcase classname="backend.tests.test_holding_import" name="test_holding_import_confirm_uses_conditional_transition_and_direct_service_transaction" time="0.019" /><testcase classname="backend.tests.test_holding_import" name="test_holding_import_confirming_state_blocks_a_second_writer" time="0.020" /><testcase classname="backend.tests.test_holding_import" name="test_holding_import_ttl_is_checked_at_cas_claim_and_never_upserts_after_clock_crossing" time="0.020" /><testcase classname="backend.tests.test_holding_import" name="test_holding_import_write_failure_after_file_creation_leaves_no_orphan" time="0.005" /><testcase classname="backend.tests.test_holding_import" name="test_holding_import_permission_failure_is_fail_closed_and_cleans_exact_storage" time="0.006" /><testcase classname="backend.tests.test_holding_import" name="test_holding_import_durable_processing_row_survives_ocr_crash_for_cleanup" time="0.009" /><testcase classname="backend.tests.test_holding_import" name="test_holding_import_cleanup_does_not_commit_unrelated_caller_work" time="0.013" /><testcase classname="backend.tests.test_holding_import" name="test_holding_import_cleanup_preserves_already_flushed_unrelated_work" time="0.009" /><testcase classname="backend.tests.test_holding_import" name="test_holding_import_two_independent_sessions_race_one_cas_claim" time="0.030" /><testcase classname="backend.tests.test_holding_import" name="test_holding_import_confirm_writes_selected_codes_in_deterministic_order" time="0.021" /><testcase classname="backend.tests.test_holding_import" name="test_holding_import_mutations_fail_closed_with_flushed_caller_transaction" time="0.012" /><testcase classname="backend.tests.test_holding_import" name="test_holding_import_mutations_fail_closed_for_sqlite_memory_database" time="0.024" /><testcase classname="backend.tests.test_holding_import" name="test_holding_import_boxed_cells_sort_left_to_right_under_vertical_jitter" time="0.010" /><testcase classname="backend.tests.test_holding_import" name="test_holding_import_assembles_boxed_table_cells_left_to_right_without_name_digits_becoming_shares" time="0.009" /><testcase classname="backend.tests.test_holding_import" name="test_paddle_worker_box_projection_preserves_rectangles_and_polygons" time="0.000" /><testcase classname="backend.tests.test_holdings" name="test_holding_crud" time="0.098" /><testcase classname="backend.tests.test_horizon_contract" name="test_research_and_1430_horizons_share_one_contract" time="0.000" /><testcase classname="backend.tests.test_horizon_contract" name="test_research_horizon_config_drift_fails_closed" time="0.000" /><testcase classname="backend.tests.test_horizon_contract" name="test_forecast_generation_and_validation_do_not_keep_legacy_1_5_20_fallbacks" time="0.001" /><testcase classname="backend.tests.test_horizon_contract" name="test_readme_matches_current_horizon_and_migration_contracts" time="0.000" /><testcase classname="backend.tests.test_indicator_state" name="test_thresholds_merge_strategy_block" time="0.000" /><testcase classname="backend.tests.test_indicator_state" name="test_classify_ma_bull_bear_mixed_and_missing" time="0.000" /><testcase classname="backend.tests.test_indicator_state" name="test_classify_macd_cross_and_states" time="0.001" /><testcase classname="backend.tests.test_indicator_state" name="test_classify_kdj_death_overbought_low_healthy" time="0.000" /><testcase classname="backend.tests.test_indicator_state" name="test_classify_volume_rsi_td" time="0.000" /><testcase classname="backend.tests.test_indicator_state" name="test_view_adapters_shapes" time="0.000" /><testcase classname="backend.tests.test_indicators" name="test_indicator_contract_is_finite" time="0.012" /><testcase classname="backend.tests.test_kline_forecast_compat" name="test_forecast_note_accepts_legacy_diagnostics_shapes" time="0.000" /><testcase classname="backend.tests.test_kline_stabilization_service" name="test_kline_stabilization_summary_contract" time="0.135" /><testcase classname="backend.tests.test_kline_stabilization_service" name="test_kline_stabilization_td9_detected_when_present" time="0.133" /><testcase classname="backend.tests.test_kline_stabilization_service" name="test_kline_stabilization_disclaimers" time="0.134" /><testcase classname="backend.tests.test_kline_stabilization_service" name="test_pct_change_unit_is_percent_not_ratio" time="0.000" /><testcase classname="backend.tests.test_kline_stabilization_service" name="test_sector_alias_maps_theme_to_board" time="0.002" /><testcase classname="backend.tests.test_kline_stabilization_service" name="test_sector_unmapped_theme_returns_null_not_arbitrary_board" time="0.001" /><testcase classname="backend.tests.test_kline_stabilization_service" name="test_summary_rows_expose_concept_and_market_breadth" time="0.130" /><testcase classname="backend.tests.test_kline_stabilization_service" name="test_concept_alias_maps_theme_to_concept_board" time="0.002" /><testcase classname="backend.tests.test_kline_stabilization_service" name="test_config_readers_expose_concept_alias_and_broad_market_themes" time="0.000" /><testcase classname="backend.tests.test_kline_stabilization_service" name="test_kline_summary_api_marks_deprecated" time="0.164" /><testcase classname="backend.tests.test_kline_utils" name="test_td_setup_top_nine_label" time="0.002" /><testcase classname="backend.tests.test_kline_utils" name="test_td_setup_bottom_nine_label" time="0.001" /><testcase classname="backend.tests.test_kline_utils" name="test_td_setup_no_sequence" time="0.001" /><testcase classname="backend.tests.test_kline_utils" name="test_td_setup_count_break_on_interruption" time="0.000" /><testcase classname="backend.tests.test_kline_utils" name="test_td_setup_empty" time="0.000" /><testcase classname="backend.tests.test_kline_utils" name="test_td_setup_matches_existing_indicators_semantics" time="0.001" /><testcase classname="backend.tests.test_kline_utils" name="test_pattern_forecast_basic" time="0.003" /><testcase classname="backend.tests.test_kline_utils" name="test_pattern_forecast_insufficient_data" time="0.001" /><testcase classname="backend.tests.test_kline_utils" name="test_pattern_forecast_trending_series_direction" time="0.002" /><testcase classname="backend.tests.test_kline_utils" name="test_pattern_forecast_snapshot_contract" time="0.003" /><testcase classname="backend.tests.test_market_context" name="test_default_registry_has_exact_six_renderable_items_and_distinct_index_ids" time="0.002" /><testcase classname="backend.tests.test_market_context" name="test_registry_rejects_duplicate_context_ids_orders_and_unknown_fields" time="0.001" /><testcase classname="backend.tests.test_market_context" name="test_registry_gates_enabled_and_tradable_proxy_verification" time="0.000" /><testcase classname="backend.tests.test_market_context" name="test_context_kind_and_proxy_flag_must_be_equivalent_in_both_directions" time="0.000" /><testcase classname="backend.tests.test_market_context" name="test_registry_booleans_reject_integer_and_string_coercion[0-enabled]" time="0.000" /><testcase classname="backend.tests.test_market_context" name="test_registry_booleans_reject_integer_and_string_coercion[0-is_tradable_proxy]" time="0.000" /><testcase classname="backend.tests.test_market_context" name="test_registry_booleans_reject_integer_and_string_coercion[1-enabled]" time="0.000" /><testcase classname="backend.tests.test_market_context" name="test_registry_booleans_reject_integer_and_string_coercion[1-is_tradable_proxy]" time="0.000" /><testcase classname="backend.tests.test_market_context" name="test_registry_booleans_reject_integer_and_string_coercion[false-enabled]" time="0.000" /><testcase classname="backend.tests.test_market_context" name="test_registry_booleans_reject_integer_and_string_coercion[false-is_tradable_proxy]" time="0.000" /><testcase classname="backend.tests.test_market_context" name="test_registry_booleans_reject_integer_and_string_coercion[true-enabled]" time="0.000" /><testcase classname="backend.tests.test_market_context" name="test_registry_booleans_reject_integer_and_string_coercion[true-is_tradable_proxy]" time="0.000" /><testcase classname="backend.tests.test_market_context" name="test_observation_mock_boolean_rejects_integer_and_string_coercion[0]" time="0.000" /><testcase classname="backend.tests.test_market_context" name="test_observation_mock_boolean_rejects_integer_and_string_coercion[1]" time="0.000" /><testcase classname="backend.tests.test_market_context" name="test_observation_mock_boolean_rejects_integer_and_string_coercion[false]" time="0.000" /><testcase classname="backend.tests.test_market_context" name="test_observation_mock_boolean_rejects_integer_and_string_coercion[true]" time="0.000" /><testcase classname="backend.tests.test_market_context" name="test_market_context_checks_use_portable_boolean_semantics" time="0.000" /><testcase classname="backend.tests.test_market_context" name="test_default_china_and_korea_proxies_are_disabled_unverified_and_null" time="0.000" /><testcase classname="backend.tests.test_market_context" name="test_settings_market_context_loader_returns_immutable_typed_registry_and_rejects_bad_json" time="0.004" /><testcase classname="backend.tests.test_market_context" name="test_market_context_observation_is_typed_finite_and_keeps_source_and_fetch_timestamps_separate" time="0.000" /><testcase classname="backend.tests.test_market_context" name="test_mock_observation_requires_unverified_degraded_reasoned_provenance" time="0.000" /><testcase classname="backend.tests.test_market_context" name="test_fresh_or_stale_observation_requires_no_degraded_reason[fresh]" time="0.000" /><testcase classname="backend.tests.test_market_context" name="test_fresh_or_stale_observation_requires_no_degraded_reason[stale]" time="0.000" /><testcase classname="backend.tests.test_market_context" name="test_sqlite_freshness_reason_check_accepts_only_coherent_pairs" time="0.022" /><testcase classname="backend.tests.test_market_context" name="test_context_timestamps_require_timezone_and_source_before_fetch" time="0.001" /><testcase classname="backend.tests.test_market_context" name="test_market_context_sqlite_checks_reject_invalid_provenance_times_and_duplicates" time="0.048" /><testcase classname="backend.tests.test_market_context" name="test_registry_context_id_uses_unique_constraint_without_redundant_index" time="0.000" /><testcase classname="backend.tests.test_market_context" name="test_base_provider_context_capability_is_unavailable_and_never_an_etf_quote" time="0.000" /><testcase classname="backend.tests.test_market_context" name="test_market_context_orm_registry_and_snapshot_constraints_are_declared" time="0.000" /><testcase classname="backend.tests.test_market_context" name="test_snapshot_source_symbol_is_required_and_part_of_sqlite_idempotency_key" time="0.032" /><testcase classname="backend.tests.test_market_context" name="test_snapshot_source_symbol_sqlite_constraint_rejects_blank_and_overlong_values" time="0.024" /><testcase classname="backend.tests.test_market_context" name="test_market_context_migration_has_expected_revision_chain" time="0.000" /><testcase classname="backend.tests.test_market_context" name="test_sync_registry_reconciles_swapped_configured_orders_with_historical_rows" time="0.027" /><testcase classname="backend.tests.test_market_context" name="test_latest_view_hides_historical_snapshot_for_unavailable_configured_row[False-verified-INDEX:VERIFIED]" time="0.031" /><testcase classname="backend.tests.test_market_context" name="test_latest_view_hides_historical_snapshot_for_unavailable_configured_row[False-unverified-None]" time="0.031" /><testcase classname="backend.tests.test_market_context" name="test_latest_view_marks_eligible_configured_row_without_snapshot_unavailable" time="0.034" /><testcase classname="backend.tests.test_market_context" name="test_source_symbol_change_hides_old_snapshot_and_allows_same_time_new_snapshot" time="0.052" /><testcase classname="backend.tests.test_market_context" name="test_sync_registry_allocates_historical_order_around_configured_order_10000" time="0.034" /><testcase classname="backend.tests.test_market_context" name="test_nonmock_unverified_fresh_observation_is_rejected_for_verified_registry" time="0.033" /><testcase classname="backend.tests.test_market_context" name="test_composite_capability_unavailable_is_unsupported_not_failed" time="0.000" /><testcase classname="backend.tests.test_market_context" name="test_composite_failure_logging_and_trace_are_sanitized" time="0.001" /><testcase classname="backend.tests.test_market_context" name="test_market_context_snapshot_duplicate_is_idempotent_and_outer_transaction_remains_usable" time="0.038" /><testcase classname="backend.tests.test_market_context" name="test_source_priority_fails_closed_when_provider_order_cannot_honor_it" time="0.029" /><testcase classname="backend.tests.test_market_context" name="test_market_context_refresh_keeps_disabled_registry_visible_without_provider_call" time="0.032" /><testcase classname="backend.tests.test_market_context" name="test_refresh_market_context_task_reports_bounded_counts_and_same_run_event" time="0.041" /><testcase classname="backend.tests.test_market_context" name="test_refresh_market_context_task_counts_verified_observation_and_provenance" time="0.037" /><testcase classname="backend.tests.test_market_context" name="test_full_pipeline_market_context_capability_failure_is_partial_without_mock_fallback" time="0.081" /><testcase classname="backend.tests.test_market_context" name="test_scheduler_invokes_market_context_as_its_own_due_task" time="0.029" /><testcase classname="backend.tests.test_market_context" name="test_refresh_market_context_task_failure_retains_sanitized_provider_audit" time="0.038" /><testcase classname="backend.tests.test_market_context" name="test_market_context_task_counts_only_current_run_observations" time="0.038" /><testcase classname="backend.tests.test_market_context" name="test_market_context_pre_provider_validation_failure_reports_zero_calls" time="0.093" /><testcase classname="backend.tests.test_market_context" name="test_scheduler_context_failure_isolated_and_terminal_attempt_throttles_retry" time="0.035" /><testcase classname="backend.tests.test_market_context" name="test_market_context_service_returns_current_counts_without_mutating_immutable_provider" time="0.030" /><testcase classname="backend.tests.test_market_context" name="test_market_context_service_failure_outcome_has_actual_call_count_without_mutating_provider" time="0.028" /><testcase classname="backend.tests.test_market_context" name="test_market_context_pre_provider_failure_outcome_reports_zero_calls" time="0.028" /><testcase classname="backend.tests.test_market_context" name="test_market_context_refresh_persists_mock_observations_idempotently" time="0.036" /><testcase classname="backend.tests.test_market_context" name="test_market_context_refresh_rejects_unknown_duplicate_and_missing_rows_explicitly" time="0.033" /><testcase classname="backend.tests.test_market_context" name="test_market_context_provider_failure_is_audited_without_raw_exception_or_mock_fallback" time="0.029" /><testcase classname="backend.tests.test_market_context" name="test_market_context_rejects_source_symbol_mismatch_and_failed_validation_audit" time="0.028" /><testcase classname="backend.tests.test_market_context" name="test_composite_market_context_preserves_mock_provenance_and_does_not_fabricate_without_mock" time="0.060" /><testcase classname="backend.tests.test_market_service_backfill" name="test_refresh_daily_bars_backfills_when_lookback_exceeds_stored_history" time="0.056" /><testcase classname="backend.tests.test_market_service_backfill" name="test_refresh_daily_bars_uses_short_overlap_when_history_covers_lookback" time="0.007" /><testcase classname="backend.tests.test_market_settings" name="test_settings_public_view_never_returns_token" time="0.010" /><testcase classname="backend.tests.test_market_settings" name="test_settings_store_token_without_echo_and_empty_does_not_clear" time="0.024" /><testcase classname="backend.tests.test_market_settings" name="test_settings_reject_malformed_token_without_echo" time="0.010" /><testcase classname="backend.tests.test_market_settings" name="test_market_probe_on_mock_skips_network_and_never_echoes_token" time="0.021" /><testcase classname="backend.tests.test_market_settings" name="test_settings_exposes_ftshare_safe_state_without_credentials" time="0.010" /><testcase classname="backend.tests.test_market_settings" name="test_resolve_settings_keeps_mock_and_uses_qualified_ftshare_public_chain" time="0.031" /><testcase classname="backend.tests.test_market_settings" name="test_market_probe_returns_bounded_provider_matrix_without_raw_errors" time="0.005" /><testcase classname="backend.tests.test_market_settings" name="test_usable_market_probe_keeps_akshare_before_tushare_when_token_exists" time="0.005" /><testcase classname="backend.tests.test_market_settings" name="test_market_probe_rejects_arbitrary_controls" time="0.009" /><testcase classname="backend.tests.test_market_settings" name="test_task_service_rebinds_non_mock_provider" time="0.015" /><testcase classname="backend.tests.test_market_settings" name="test_usable_runtime_with_stored_token_binds_public_composite" time="0.015" /><testcase classname="backend.tests.test_market_settings" name="test_settings_public_view_reports_qualified_ftshare_public_chain" time="0.009" /><testcase classname="backend.tests.test_market_settings" name="test_market_settings_ui_contract" time="0.002" /><testcase classname="backend.tests.test_migration_schema_parity" name="test_alembic_roundtrip_head_matches_orm_metadata_on_fresh_sqlite" time="3.057" /><testcase classname="backend.tests.test_migration_schema_parity" name="test_owner_migration_refuses_downgrade_when_global_holding_uniqueness_would_be_lost" time="1.453" /><testcase classname="backend.tests.test_migration_schema_parity" name="test_legacy_null_owner_holding_is_database_unique_at_head" time="0.809" /><testcase classname="backend.tests.test_minute_bars" name="test_mock_minute_bars_roundtrip" time="0.013" /><testcase classname="backend.tests.test_minute_bars" name="test_minute_sync_disabled_by_default_for_real_providers" time="0.001" /><testcase classname="backend.tests.test_minute_bars" name="test_minute_bars_api_contract" time="0.015" /><testcase classname="backend.tests.test_minute_bars" name="test_minute_bars_roundtrip_via_api" time="0.017" /><testcase classname="backend.tests.test_multi_user_auth" name="test_auth_user_normalizes_identifiers_and_enforces_unique_username" time="0.094" /><testcase classname="backend.tests.test_multi_user_auth" name="test_auth_user_structurally_validates_password_hash_without_argon2_computation" time="0.053" /><testcase classname="backend.tests.test_multi_user_auth" name="test_auth_user_rejects_non_parseable_argon2id_hashes[plaintext-password]" time="0.002" /><testcase classname="backend.tests.test_multi_user_auth" name="test_auth_user_rejects_non_parseable_argon2id_hashes[$argon2id$placeholder]" time="0.001" /><testcase classname="backend.tests.test_multi_user_auth" name="test_auth_user_rejects_non_parseable_argon2id_hashes[$argon2id$v=19$m=65536,t=3,p=4$%%%$YWJj]" time="0.001" /><testcase classname="backend.tests.test_multi_user_auth" name="test_auth_user_rejects_non_parseable_argon2id_hashes[$argon2id$v=19$m=65536,t=3,p=4$$YWJj]" time="0.001" /><testcase classname="backend.tests.test_multi_user_auth" name="test_auth_user_rejects_non_parseable_argon2id_hashes[$argon2id$v=19$m=65536,t=3,p=4$c2FsdA$]" time="0.001" /><testcase classname="backend.tests.test_multi_user_auth" name="test_auth_user_rejects_non_parseable_argon2id_hashes[$argon2id$v=19$m=not-a-number,t=3,p=4$c2FsdA$YWJj]" time="0.001" /><testcase classname="backend.tests.test_multi_user_auth" name="test_auth_service_hashes_password_and_persists_only_session_hash" time="0.144" /><testcase classname="backend.tests.test_multi_user_auth" name="test_auth_service_rejects_expired_or_revoked_sessions" time="0.048" /><testcase classname="backend.tests.test_multi_user_auth" name="test_auth_service_revokes_all_sessions_and_does_not_serialize_secrets" time="0.048" /><testcase classname="backend.tests.test_multi_user_auth" name="test_event_stream_stops_after_its_original_session_is_revoked" time="0.049" /><testcase classname="backend.tests.test_multi_user_auth" name="test_last_admin_disable_is_serialized_across_sqlite_sessions" time="0.147" /><testcase classname="backend.tests.test_multi_user_auth" name="test_admin_bootstrap_creates_only_first_admin_without_echoing_password" time="0.067" /><testcase classname="backend.tests.test_multi_user_auth" name="test_bootstrap_first_admin_serializes_competing_database_sessions" time="0.106" /><testcase classname="backend.tests.test_multi_user_auth" name="test_postgres_bootstrap_first_admin_serializes_alembic_schema" time="0.000"><skipped type="pytest.skip" message="TEST_POSTGRES_URL is not configured">/mnt/data/etf_delivery/ETF-Fund-Analysis/backend/tests/test_multi_user_auth.py:306: TEST_POSTGRES_URL is not configured<
[...]
_cookies_and_never_persists_access_tokens" time="0.001" /><testcase classname="backend.tests.test_password_auth" name="test_static_account_management_is_identity_aware_and_admin_only" time="0.001" /><testcase classname="backend.tests.test_pipeline" name="test_mock_pipeline_builds_research_layers" time="0.010" /><testcase classname="backend.tests.test_pipeline" name="test_bootstrap_includes_market_context_step_generating_mock_observations" time="0.000" /><testcase classname="backend.tests.test_pipeline" name="test_v050_runtime_wiring_remains_selected_for_tasks" time="0.003" /><testcase classname="backend.tests.test_portfolio_optimization" name="test_optimize_portfolio_task_exists" time="0.001" /><testcase classname="backend.tests.test_portfolio_optimization" name="test_optimize_produces_three_strategies_and_report" time="0.032" /><testcase classname="backend.tests.test_portfolio_optimization" name="test_optimize_mock_flagged" time="0.031" /><testcase classname="backend.tests.test_production_ops_contract" name="test_backup_script_forces_owner_only_permissions" time="0.000" /><testcase classname="backend.tests.test_production_ops_contract" name="test_aliyun_deploy_hardens_server_local_private_directories" time="0.000" /><testcase classname="backend.tests.test_production_ops_contract" name="test_standard_production_example_does_not_enable_uninstalled_ocr_extra" time="0.000" /><testcase classname="backend.tests.test_production_ops_contract" name="test_provider_smoke_uses_application_quote_timestamp_qualification" time="0.000" /><testcase classname="backend.tests.test_production_ops_contract" name="test_production_dockerfile_installs_the_wheel_built_from_current_source" time="0.000" /><testcase classname="backend.tests.test_provisional_forecast_time_basis" name="test_provisional_ohlcv_can_update_research_indicators_but_not_eod_neighbor_forecast" time="1.483" /><testcase classname="backend.tests.test_provisional_forecast_time_basis" name="test_provisional_derivation_has_no_similarity_forecast_call" time="0.001" /><testcase classname="backend.tests.test_provisional_forecast_time_basis" name="test_all_forecast_surfaces_expose_settled_daily_basis" time="1.565" /><testcase classname="backend.tests.test_provisional_forecast_time_basis" name="test_unified_page_and_readme_explain_forecast_time_basis" time="0.000" /><testcase classname="backend.tests.test_qualify_ftshare" name="test_rejected_qualification_never_claims_schema_units_or_timestamps" time="0.001" /><testcase classname="backend.tests.test_qualify_ftshare" name="test_provider_error_code_reaches_qualification_only_when_exact_allowlisted[UPSTREAM_REJECTED-UPSTREAM_REJECTED]" time="0.003" /><testcase classname="backend.tests.test_qualify_ftshare" name="test_provider_error_code_reaches_qualification_only_when_exact_allowlisted[UPSTREAM_REJECTED_SUFFIX-None]" time="0.002" /><testcase classname="backend.tests.test_qualify_ftshare" name="test_provider_error_code_reaches_qualification_only_when_exact_allowlisted[unrelated_raw_code-None]" time="0.002" /><testcase classname="backend.tests.test_qualify_ftshare" name="test_successful_qualification_records_only_typed_observed_fields" time="0.000" /><testcase classname="backend.tests.test_reference_display_reconciliation" name="test_reference_rsi_bands_match_unified_board" time="0.000" /><testcase classname="backend.tests.test_reference_display_reconciliation" name="test_reference_macd_labels_do_not_promote_bear_cont_to_reduce" time="0.000" /><testcase classname="backend.tests.test_reproducibility" name="test_reproducibility_payload_is_stable_and_versioned" time="0.000" /><testcase classname="backend.tests.test_scheduler_resilience" name="test_decision_board_grace_runs_recent_misfire_and_coalesces_to_latest_slot" time="0.000" /><testcase classname="backend.tests.test_scheduler_resilience" name="test_decision_board_grace_never_turns_non_trade_day_into_a_slot" time="0.000" /><testcase classname="backend.tests.test_scheduler_resilience" name="test_guarded_task_failure_does_not_prevent_later_independent_task" time="0.003" /><testcase classname="backend.tests.test_scheduler_resilience" name="test_tick_honors_quote_refresh_cadence_between_decision_slots" time="0.029" /><testcase classname="backend.tests.test_scheduler_resilience" name="test_tick_prioritizes_recent_decision_slot_and_avoids_duplicate_quote_call" time="0.028" /><testcase classname="backend.tests.test_scheduler_resilience" name="test_failed_decision_slot_releases_claim_for_grace_window_retry" time="0.028" /><testcase classname="backend.tests.test_scheduler_resilience" name="test_after_close_pipeline_continues_after_one_layer_and_news_fail" time="0.033" /><testcase classname="backend.tests.test_sector_market_page" name="test_market_overview_ranks_by_breadth_and_merges_proxies" time="0.042" /><testcase classname="backend.tests.test_sector_market_page" name="test_market_overview_kind_filter" time="0.080" /><testcase classname="backend.tests.test_sector_market_page" name="test_sectors_market_api_and_boards_page" time="0.120" /><testcase classname="backend.tests.test_sector_snapshots" name="test_market_service_refresh_sector_snapshots_inserts" time="0.008" /><testcase classname="backend.tests.test_sector_snapshots" name="test_market_service_refresh_sector_snapshots_idempotent" time="0.007" /><testcase classname="backend.tests.test_sector_snapshots" name="test_market_service_refresh_sector_snapshots_degrades_when_unsupported" time="0.004" /><testcase classname="backend.tests.test_sector_snapshots" name="test_kline_service_reads_sector_snapshot" time="0.134" /><testcase classname="backend.tests.test_sector_snapshots" name="test_market_service_refresh_all_three_boards" time="0.004" /><testcase classname="backend.tests.test_sector_snapshots" name="test_sector_state_filters_by_board_type" time="0.002" /><testcase classname="backend.tests.test_sector_snapshots" name="test_market_breadth_reads_single_row" time="0.002" /><testcase classname="backend.tests.test_sector_snapshots" name="test_market_breadth_prefers_real_source_over_mock" time="0.002" /><testcase classname="backend.tests.test_sector_snapshots" name="test_market_breadth_falls_back_to_mock_only_when_no_real" time="0.001" /><testcase classname="backend.tests.test_sector_snapshots" name="test_task_service_registers_sector_snapshot_task" time="0.002" /><testcase classname="backend.tests.test_sector_snapshots" name="test_akshare_sector_uses_eastmoney_when_available" time="0.001" /><testcase classname="backend.tests.test_sector_snapshots" name="test_akshare_sector_falls_back_to_ths" time="0.002" /><testcase classname="backend.tests.test_sector_snapshots" name="test_akshare_sector_raises_when_all_sources_fail" time="0.002" /><testcase classname="backend.tests.test_sector_snapshots" name="test_akshare_market_breadth_tencent_parses_quotes" time="0.002" /><testcase classname="backend.tests.test_sector_snapshots" name="test_akshare_market_breadth_falls_back_to_tencent_when_sina_fails" time="0.003" /><testcase classname="backend.tests.test_sector_snapshots" name="test_akshare_market_breadth_returns_none_when_both_fail" time="0.002" /><testcase classname="backend.tests.test_sector_snapshots" name="test_akshare_concept_uses_eastmoney_when_available" time="0.001" /><testcase classname="backend.tests.test_sector_snapshots" name="test_akshare_concept_falls_back_to_sina_with_pct_change" time="0.002" /><testcase classname="backend.tests.test_sector_snapshots" name="test_akshare_concept_falls_back_to_ths_without_breadth" time="0.004" /><testcase classname="backend.tests.test_sector_snapshots" name="test_akshare_concept_returns_empty_when_all_fail" time="0.003" /><testcase classname="backend.tests.test_sector_snapshots" name="test_akshare_daily_bars_falls_back_to_sina" time="0.002" /><testcase classname="backend.tests.test_sector_snapshots" name="test_akshare_fetch_market_context_index" time="0.001" /><testcase classname="backend.tests.test_sector_snapshots" name="test_akshare_fetch_market_context_tradable_proxy" time="0.001" /><testcase classname="backend.tests.test_shadow_run_audit" name="test_shadow_run_audit_task_exists" time="0.003" /><testcase classname="backend.tests.test_shadow_run_audit" name="test_shadow_audit_produces_report" time="0.023" /><testcase classname="backend.tests.test_shadow_run_audit" name="test_shadow_audit_no_production_writes" time="0.039" /><testcase classname="backend.tests.test_signal_center" name="test_constants_and_states_are_exposed" time="0.000" /><testcase classname="backend.tests.test_signal_center" name="test_summary_fronts_and_research_only_flag" time="0.064" /><testcase classname="backend.tests.test_signal_center" name="test_coefficient_is_monotonic_for_opportunity" time="0.175" /><testcase classname="backend.tests.test_signal_center" name="test_curve_uses_latest_snapshot_per_instrument_per_day" time="0.117" /><testcase classname="backend.tests.test_signal_center" name="test_take_profit_front_ranks_overheated_instruments" time="0.059" /><testcase classname="backend.tests.test_signal_center" name="test_sector_strength_ranking_with_news_component" time="0.066" /><testcase classname="backend.tests.test_signal_center" name="test_in_account_flag_for_held_instruments" time="0.064" /><testcase classname="backend.tests.test_signal_center" name="test_signal_center_api_and_settings" time="0.223" /><testcase classname="backend.tests.test_signal_center" name="test_current_fronts_follow_latest_decision_board_grade" time="0.042" /><testcase classname="backend.tests.test_signal_center" name="test_signal_grade_fallback_is_canonical_without_decision_snapshot" time="0.201" /><testcase classname="backend.tests.test_signal_center" name="test_front_limit_does_not_rewrite_market_totals" time="0.175" /><testcase classname="backend.tests.test_signal_grade" name="test_grade_add_entry_probe_watch_reduce_are_mutually_exclusive" time="0.000" /><testcase classname="backend.tests.test_signal_grade" name="test_missing_core_indicators_are_anomaly_not_a_grade_bucket" time="0.000" /><testcase classname="backend.tests.test_signal_grade" name="test_grade_view_does_not_write_holdings" time="0.041" /><testcase classname="backend.tests.test_signal_grade" name="test_assign_grade_reduce_beats_add_when_death_cross" time="0.000" /><testcase classname="backend.tests.test_signal_grade" name="test_signal_grade_sector_uses_industry_board" time="0.002" /><testcase classname="backend.tests.test_signal_grade" name="test_signal_grade_sector_falls_back_to_concept_board" time="0.002" /><testcase classname="backend.tests.test_signal_grade" name="test_signal_grade_sector_uses_market_breadth_for_broad_theme" time="0.002" /><testcase classname="backend.tests.test_signal_grade" name="test_signal_grade_sector_note_is_accurate_when_no_board" time="0.001" /><testcase classname="backend.tests.test_signal_grade" name="test_reference_volume_thresholds_match_company_board" time="0.000" /><testcase classname="backend.tests.test_signal_grade_units" name="test_quote_percentage_points_are_normalized_to_decimal_returns" time="0.000" /><testcase classname="backend.tests.test_single_decision_surface" name="test_research_entrypoints_follow_task_oriented_surface_contract" time="0.031" /><testcase classname="backend.tests.test_single_decision_surface" name="test_all_current_research_surfaces_share_the_same_action" time="0.436" /><testcase classname="backend.tests.test_single_decision_surface" name="test_compatibility_forecasts_never_recompute_an_alternate_dynamic_model" time="0.389" /><testcase classname="backend.tests.test_strategy_engine" name="test_strategy_engine_detects_multi_family_resonance" time="0.000" /><testcase classname="backend.tests.test_strategy_engine" name="test_strategy_engine_surfaces_risk_off_evidence" time="0.000" /><testcase classname="backend.tests.test_support_resistance" name="test_support_resistance_returns_price_levels_and_semantic_boundaries" time="0.067" /><testcase classname="backend.tests.test_support_resistance" name="test_support_resistance_fails_closed_on_short_history" time="0.033" /><testcase classname="backend.tests.test_support_resistance_zones" name="test_levels_carry_clustered_zone_fields" time="0.008" /><testcase classname="backend.tests.test_support_resistance_zones" name="test_td9_exhaustion_confirmation_creates_level_method" time="0.008" /><testcase classname="backend.tests.test_support_resistance_zones" name="test_td9_without_setup_counts_has_no_confirmation" time="0.008" /><testcase classname="backend.tests.test_time_split" name="test_purged_holdout_excludes_labels_that_touch_test_boundary" time="0.000" /><testcase classname="backend.tests.test_time_split" name="test_purged_holdout_embargo_widens_gap" time="0.000" /><testcase classname="backend.tests.test_time_split" name="test_purged_holdout_rejects_impossible_boundary" time="0.000" /><testcase classname="backend.tests.test_trading_calendar_service" name="test_xshg_calendar_verifies_session_and_holiday" time="0.000" /><testcase classname="backend.tests.test_walk_forward_split" name="test_walk_forward_uses_expanding_train_and_non_overlapping_fixed_tests" time="0.000" /><testcase classname="backend.tests.test_walk_forward_split" name="test_walk_forward_embargo_extends_each_fold_purge" time="0.001" /><testcase classname="backend.tests.test_walk_forward_split" name="test_walk_forward_fails_closed_when_leakage_safe_training_history_is_too_short" time="0.000" /><testcase classname="backend.tests.test_watchlist_holdings" name="test_watchlist_add_mock_resolve_and_duplicate" time="0.006" /><testcase classname="backend.tests.test_watchlist_holdings" name="test_watchlist_unknown_code_fails_closed" time="0.001" /><testcase classname="backend.tests.test_watchlist_holdings" name="test_watchlist_delete_scoped" time="0.003" /><testcase classname="backend.tests.test_watchlist_holdings" name="test_watchlist_api_endpoints" time="0.019" /><testcase classname="backend.tests.test_watchlist_holdings" name="test_holdings_endpoint_enriches_action_and_forecasts" time="0.052" /><testcase classname="backend.tests.test_workbuddy_decision_board" name="test_reference_board_is_primary_and_research_is_task_surface" time="0.012" /><testcase classname="backend.tests.test_workbuddy_decision_board" name="test_reference_board_assets_and_columns_are_same_origin" time="0.005" /><testcase classname="backend.tests.test_workbuddy_decision_board" name="test_reference_legend_matches_company_thresholds" time="0.000" /><testcase classname="backend.tests.test_workbuddy_decision_board" name="test_reference_board_keeps_multi_user_session_auth" time="0.000" /><testcase classname="backend.tests.test_workspace_bridge_client" name="test_bridge_origin_rejects_plaintext_remote_or_credentials[http://example.com]" time="0.000" /><testcase classname="backend.tests.test_workspace_bridge_client" name="test_bridge_origin_rejects_plaintext_remote_or_credentials[https://user:password@example.com]" time="0.000" /><testcase classname="backend.tests.test_workspace_bridge_client" name="test_bridge_origin_rejects_plaintext_remote_or_credentials[https://example.com/path]" time="0.000" /><testcase classname="backend.tests.test_workspace_bridge_client" name="test_bridge_origin_rejects_plaintext_remote_or_credentials[file:///tmp/x]" time="0.000" /><testcase classname="backend.tests.test_workspace_bridge_client" name="test_bridge_origin_rejects_plaintext_remote_or_credentials[https://example.com?token=x]" time="0.000" /><testcase classname="backend.tests.test_workspace_bridge_client" name="test_bridge_atomic_private_files" time="0.001" /><testcase classname="backend.tests.test_workspace_bridge_client" name="test_signed_client_real_user_round_trip_and_revocation" time="0.272" /><testcase classname="backend.tests.test_workspace_bridge_client" name="test_workspace_read_queries_remain_bounded_and_do_not_call_provider" time="0.034" /><testcase classname="backend.tests.test_workspace_bridge_client" name="test_reviewed_model_version_is_a_fail_closed_gate" time="0.001" /><testcase classname="backend.tests.test_workspace_contract" name="test_workspace_search_is_available_bounded_and_read_only" time="0.013" /><testcase classname="backend.tests.test_workspace_contract" name="test_chart_uses_existing_python_indicator_formulas" time="0.104" /><testcase classname="backend.tests.test_workspace_contract" name="test_model_result_has_no_action_or_position_authority" time="0.000" /><testcase classname="backend.tests.test_workspace_contract" name="test_workspace_unknown_api_is_not_a_successful_spa_page" time="0.009" /><testcase classname="backend.tests.test_workspace_factor_statistics" name="test_pairwise_missing_values_are_ranked_after_pair_selection" time="0.895" /><testcase classname="backend.tests.test_workspace_factor_statistics" name="test_correlation_is_date_local_and_constant_columns_are_unknown" time="0.002" /><testcase classname="backend.tests.test_workspace_hardening" name="test_bridge_replay_is_rejected" time="0.029" /><testcase classname="backend.tests.test_workspace_hardening" name="test_data_read_does_not_expose_private_reports" time="0.034" /><testcase classname="backend.tests.test_workspace_hardening" name="test_daily_job_does_not_accept_irrelevant_code" time="0.000" /><testcase classname="backend.tests.test_workspace_hardening" name="test_research_retry_is_explicit_preserves_input" time="0.025" /><testcase classname="backend.tests.test_workspace_hardening" name="test_horizon_http_query_casts_string_before_validation[1]" time="0.011" /><testcase classname="backend.tests.test_workspace_hardening" name="test_horizon_http_query_casts_string_before_validation[3]" time="0.011" /><testcase classname="backend.tests.test_workspace_hardening" name="test_horizon_http_query_casts_string_before_validation[5]" time="0.010" /><testcase classname="backend.tests.test_workspace_hardening" name="test_horizon_http_query_casts_string_before_validation[10]" time="0.010" /><testcase classname="backend.tests.test_workspace_import_revisions" name="test_import_revision_is_explicit_idempotent_and_preserves_old_audit" time="0.031" /><testcase classname="backend.tests.test_workspace_imports" name="test_import_requires_unambiguous_unit_cost_header" time="0.001" /><testcase classname="backend.tests.test_workspace_imports" name="test_import_rejects_ambiguous_or_executable_numbers[=1+2]" time="0.000" /><testcase classname="backend.tests.test_workspace_imports" name="test_import_rejects_ambiguous_or_executable_numbers[-10]" time="0.000" /><testcase classname="backend.tests.test_workspace_imports" name="test_import_rejects_ambiguous_or_executable_numbers[nan]" time="0.000" /><testcase classname="backend.tests.test_workspace_imports" name="test_import_rejects_ambiguous_or_executable_numbers[inf]" time="0.000" /><testcase classname="backend.tests.test_workspace_imports" name="test_import_rejects_ambiguous_or_executable_numbers[1e3]" time="0.000" /><testcase classname="backend.tests.test_workspace_imports" name="test_import_rejects_ambiguous_or_executable_numbers[50%]" time="0.000" /><testcase classname="backend.tests.test_workspace_imports" name="test_import_rejects_ambiguous_or_executable_numbers[1,000]" time="0.000" /><testcase classname="backend.tests.test_workspace_imports" name="test_import_preview_confirmation_and_undo" time="0.008" /><testcase classname="backend.tests.test_workspace_imports" name="test_undo_does_not_overwrite_later_manual_changes" time="0.006" /><testcase classname="backend.tests.test_workspace_jobs" name="test_research_idempotency_and_human_review" time="0.005" /><testcase classname="backend.tests.test_workspace_jobs" name="test_research_rejects_hash_unknown_evidence_and_wrong_owner" time="0.005" /><testcase classname="backend.tests.test_workspace_jobs" name="test_workspace_job_http_does_not_execute_a_model" time="0.023" /><testcase classname="backend.tests.test_workspace_jobs" name="test_bridge_pair_scope_signature_and_revocation" time="0.040" /></testsuite></testsuites>